  -----------------------------------------------
               Pol_RESP Version 1.0
  -----------------------------------------------
  *Generated by PyRESP GEN v1.0 1st*
  ----------------------------------------------
  ------------------
  Control Parameters
  ------------------
 nmol        =   1   iqopt       =   1
 ihfree      =   1   irstrnt     =   1
 ioutopt     =   1   ireornt     =   0
 iquad       =   1   qwt         =   0.00050000
 ipol        =   5   igdm        =   1
 exc12       =   0   exc13       =   0
 ipermdip    =   1   pwt         =   0.00001000
 virtual     =   0

 --------------------
 Molecule Information
 --------------------
 Single-molecule run

 Molecule 1 weight:     1.000
  Molecule 1 name: CH2O_ccsd_a4z_esp
 Total charge (ich):  0
 Number of centers:  4
 Number of permanent dipoles:  6
    1    1    0    0
    2    6    0    0    2    0
    3    1    0    1
    4    8    0    0

 -----------------------------
 Atom/Dipole Ivary Information
 -----------------------------
    1    0    0
    6    0    0    2    0
    1    0    1
    8    0    0

 -------------------------
 Input Information Summary
 -------------------------
 Total number of atoms      =    4
 Total number of permanent dipoles      =    6
 Weight factor on initial charge restraints=  0.000500
 Weight factor on initial dipole restraints=  0.000010
 There are  1 charge constraints

 Read polarizability and radii information from: /Users/zhuqiang/Documents/software/pol_resp/example/pGM-pol-2016-09-01.dat
 Assume the units are in a.u.

 --------------------------------------
 Atomic and ESP Coordinates Information
 --------------------------------------
 Reading esp's for molecule   1
 total number of atoms      =     4
 total number of esp points =  2455

 center       X               Y               Z
   1   0.0000000E+00   0.1772166E+01  -0.2111956E+01 h4  
   2   0.0000000E+00   0.0000000E+00  -0.1008339E+01 c   
   3  -0.0000000E+00  -0.1772166E+01  -0.2111956E+01 h4  
   4   0.0000000E+00  -0.0000000E+00   0.1284243E+01 o   

           4           6
  ------------------------
  Optimization Information
  ------------------------
  iqopt=1, all q0 and p0 values will be set to 0
 Number of unique UNfrozen charge centers =     4
 Number of unique UNfrozen permanent dipoles =     4

 Non-linear optimization requested.
  qchnge =    4.0897563342E-01
  qchnge =    3.7664720403E-02
  qchnge =    2.3196278188E-02
  qchnge =    1.1840082395E-02
  qchnge =    5.0664812027E-03
  qchnge =    1.9235252001E-03
  qchnge =    6.8804591726E-04
  qchnge =    2.4024661313E-04
  qchnge =    8.3148751515E-05
  qchnge =    2.8688056557E-05
  qchnge =    9.8872793792E-06
  qchnge =    3.4063576976E-06
  qchnge =    1.1734045644E-06
  qchnge =    4.0419043810E-07

 Convergence in   13 iterations

 -----------------------
 Fitting Results Summary
 -----------------------
 molecule     1: CH2O_ccsd_a4z_esp

          Point Charges Before & After Optimization
 atm.no   element.no   q(init)        q(opt)     ivary    d(rstr)/dq
    1         1        0.000000     -0.274441      0       0.000000
    2         6        0.000000      0.940962      0       0.000528
    3         1        0.000000     -0.274441      0       0.000000
    4         8        0.000000     -0.392080      0       0.001236

 Sum over the calculated charges:     -0.000

       Permanent Dipoles Before & After Optimization
 dip.no   element.no   p(init)        p(opt)     ivary    d(rstr)/dp
    1         1        0.000000     -0.264234      0       0.000000
    2         6        0.000000      0.060841      0       0.000085
    3         6        0.000000      0.060841      2       0.000085
    4         6        0.000000     -0.539393      0       0.000018
    5         1        0.000000     -0.264234      1       0.000000
    6         8        0.000000      0.293491      0       0.000032


 --------------------------
 Fitting Statistics Summary
 --------------------------
 The initial sum of squares  (ssvpot = sum_i(espi**2))          8.5634450E-01
 The residual sum of squares (RSS = sum_i((espi-espclci)**2))   4.3106957E-03
 The root-mean-squared error (RMSE = sqrt(RSS/N))               1.3250978E-03
 The relative RMSE           (RRMSE = sqrt(RSS/ssvpot))         7.0949514E-02

 ---------------------------
 Molecular Multipole Summary
 ---------------------------

 Dipole Moments (Debye):
 #MOL         D          Dx         Dy         Dz
   1        2.49035    0.00000   -0.00000   -2.49035

 Traceless Quadrupole Moments (Debye*Angst.):
 #MOL          X          Y          Z
   1    X   -0.04605
        Y    0.00000   0.47413
        Z    0.00000   0.00000  -0.42808

 Traceless Quadrupole Moments in Principal Axes (Debye*Angst.):
 #MOL          X          Y          Z
   1    X    0.47413
        Y    0.00000  -0.04605
        Z    0.00000   0.00000  -0.42808

